{"D:\\Google Drive\\Estudio\\Mejores Practicas\\TDD - Clean Code\\src\\controllers\\register-vehicle.ts": {"path":"D:\\Google Drive\\Estudio\\Mejores Practicas\\TDD - Clean Code\\src\\controllers\\register-vehicle.ts","all":false,"statementMap":{"0":{"start":{"line":1,"column":0},"end":{"line":1,"column":30}},"1":{"start":{"line":2,"column":0},"end":{"line":2,"column":34}},"2":{"start":{"line":3,"column":0},"end":{"line":3,"column":44}},"3":{"start":{"line":4,"column":0},"end":{"line":4,"column":0}},"4":{"start":{"line":5,"column":0},"end":{"line":5,"column":44}},"5":{"start":{"line":6,"column":0},"end":{"line":6,"column":14}},"6":{"start":{"line":7,"column":0},"end":{"line":7,"column":24}},"7":{"start":{"line":8,"column":0},"end":{"line":8,"column":45}},"8":{"start":{"line":9,"column":0},"end":{"line":9,"column":7}},"9":{"start":{"line":10,"column":0},"end":{"line":10,"column":5}},"10":{"start":{"line":11,"column":0},"end":{"line":11,"column":0}},"11":{"start":{"line":12,"column":0},"end":{"line":12,"column":46}},"12":{"start":{"line":13,"column":0},"end":{"line":13,"column":14}},"13":{"start":{"line":14,"column":0},"end":{"line":14,"column":24}},"14":{"start":{"line":15,"column":0},"end":{"line":15,"column":46}},"15":{"start":{"line":16,"column":0},"end":{"line":16,"column":7}},"16":{"start":{"line":17,"column":0},"end":{"line":17,"column":5}},"17":{"start":{"line":18,"column":0},"end":{"line":18,"column":3}},"18":{"start":{"line":19,"column":0},"end":{"line":19,"column":1}}},"s":{"0":1,"1":1,"2":2,"3":2,"4":2,"5":1,"6":1,"7":1,"8":1,"9":1,"10":1,"11":2,"12":1,"13":1,"14":1,"15":1,"16":1,"17":2,"18":1},"branchMap":{"0":{"type":"branch","line":2,"loc":{"start":{"line":2,"column":2},"end":{"line":18,"column":3}},"locations":[{"start":{"line":2,"column":2},"end":{"line":18,"column":3}}]},"1":{"type":"branch","line":5,"loc":{"start":{"line":5,"column":26},"end":{"line":5,"column":41}},"locations":[{"start":{"line":5,"column":26},"end":{"line":5,"column":41}}]},"2":{"type":"branch","line":5,"loc":{"start":{"line":5,"column":43},"end":{"line":12,"column":31}},"locations":[{"start":{"line":5,"column":43},"end":{"line":12,"column":31}}]},"3":{"type":"branch","line":12,"loc":{"start":{"line":12,"column":27},"end":{"line":12,"column":43}},"locations":[{"start":{"line":12,"column":27},"end":{"line":12,"column":43}}]},"4":{"type":"branch","line":12,"loc":{"start":{"line":12,"column":45},"end":{"line":17,"column":5}},"locations":[{"start":{"line":12,"column":45},"end":{"line":17,"column":5}}]}},"b":{"0":[2],"1":[1],"2":[1],"3":[0],"4":[1]},"fnMap":{"0":{"name":"handle","decl":{"start":{"line":2,"column":2},"end":{"line":18,"column":3}},"loc":{"start":{"line":2,"column":2},"end":{"line":18,"column":3}},"line":2}},"f":{"0":2}}
,"D:\\Google Drive\\Estudio\\Mejores Practicas\\TDD - Clean Code\\src\\models\\vehicle-model.ts": {"path":"D:\\Google Drive\\Estudio\\Mejores Practicas\\TDD - Clean Code\\src\\models\\vehicle-model.ts","all":false,"statementMap":{"0":{"start":{"line":1,"column":0},"end":{"line":1,"column":27}},"1":{"start":{"line":2,"column":0},"end":{"line":2,"column":110}},"2":{"start":{"line":3,"column":0},"end":{"line":3,"column":20}},"3":{"start":{"line":4,"column":0},"end":{"line":4,"column":22}},"4":{"start":{"line":5,"column":0},"end":{"line":5,"column":20}},"5":{"start":{"line":6,"column":0},"end":{"line":6,"column":3}},"6":{"start":{"line":7,"column":0},"end":{"line":7,"column":0}},"7":{"start":{"line":8,"column":0},"end":{"line":8,"column":22}},"8":{"start":{"line":9,"column":0},"end":{"line":9,"column":20}},"9":{"start":{"line":10,"column":0},"end":{"line":10,"column":3}},"10":{"start":{"line":11,"column":0},"end":{"line":11,"column":0}},"11":{"start":{"line":12,"column":0},"end":{"line":12,"column":23}},"12":{"start":{"line":13,"column":0},"end":{"line":13,"column":21}},"13":{"start":{"line":14,"column":0},"end":{"line":14,"column":3}},"14":{"start":{"line":15,"column":0},"end":{"line":15,"column":0}},"15":{"start":{"line":16,"column":0},"end":{"line":16,"column":22}},"16":{"start":{"line":17,"column":0},"end":{"line":17,"column":20}},"17":{"start":{"line":18,"column":0},"end":{"line":18,"column":3}},"18":{"start":{"line":19,"column":0},"end":{"line":19,"column":1}}},"s":{"0":1,"1":1,"2":1,"3":1,"4":1,"5":1,"6":1,"7":1,"8":1,"9":1,"10":1,"11":1,"12":1,"13":1,"14":1,"15":1,"16":1,"17":1,"18":1},"branchMap":{"0":{"type":"branch","line":2,"loc":{"start":{"line":2,"column":2},"end":{"line":6,"column":3}},"locations":[{"start":{"line":2,"column":2},"end":{"line":6,"column":3}}]},"1":{"type":"branch","line":8,"loc":{"start":{"line":8,"column":2},"end":{"line":10,"column":3}},"locations":[{"start":{"line":8,"column":2},"end":{"line":10,"column":3}}]},"2":{"type":"branch","line":12,"loc":{"start":{"line":12,"column":2},"end":{"line":14,"column":3}},"locations":[{"start":{"line":12,"column":2},"end":{"line":14,"column":3}}]},"3":{"type":"branch","line":16,"loc":{"start":{"line":16,"column":2},"end":{"line":18,"column":3}},"locations":[{"start":{"line":16,"column":2},"end":{"line":18,"column":3}}]}},"b":{"0":[1],"1":[1],"2":[1],"3":[1]},"fnMap":{"0":{"name":"VehicleModel","decl":{"start":{"line":2,"column":2},"end":{"line":6,"column":3}},"loc":{"start":{"line":2,"column":2},"end":{"line":6,"column":3}},"line":2},"1":{"name":"getName","decl":{"start":{"line":8,"column":2},"end":{"line":10,"column":3}},"loc":{"start":{"line":8,"column":2},"end":{"line":10,"column":3}},"line":8},"2":{"name":"getModel","decl":{"start":{"line":12,"column":2},"end":{"line":14,"column":3}},"loc":{"start":{"line":12,"column":2},"end":{"line":14,"column":3}},"line":12},"3":{"name":"getYear","decl":{"start":{"line":16,"column":2},"end":{"line":18,"column":3}},"loc":{"start":{"line":16,"column":2},"end":{"line":18,"column":3}},"line":16}},"f":{"0":1,"1":1,"2":1,"3":1}}
}
