TN:
SF:src/models/food-model.ts
FN:4,FoodModel
FN:6,getName
FN:10,getDescription
FN:14,getPrice
FN:18,getInventory
FN:22,getFood
FNF:6
FNH:6
FNDA:1,FoodModel
FNDA:1,getName
FNDA:1,getDescription
FNDA:1,getPrice
FNDA:1,getInventory
FNDA:1,getFood
DA:1,1
DA:2,1
DA:3,1
DA:4,1
DA:5,1
DA:6,1
DA:7,1
DA:8,1
DA:9,1
DA:10,1
DA:11,1
DA:12,1
DA:13,1
DA:14,1
DA:15,1
DA:16,1
DA:17,1
DA:18,1
DA:19,1
DA:20,1
DA:21,1
DA:22,1
DA:23,1
DA:24,1
DA:25,1
LF:25
LH:25
BRDA:4,0,0,1
BRDA:6,1,0,1
BRDA:10,2,0,1
BRDA:14,3,0,1
BRDA:18,4,0,1
BRDA:22,5,0,1
BRF:6
BRH:6
end_of_record
